PASS Ubuntu 24.04
WARN vCPU < 8
awk: cmd. line:1: /MemTotal/ {exit !(	 >= 15000000)}
awk: cmd. line:1:                    	 ^ syntax error
WARN RAM below expected
PASS unattended-upgrades present
FAIL root SSH not disabled
FAIL password SSH not disabled
Status: active
Logging: on (low)
Default: deny (incoming), allow (outgoing), deny (routed)
New profiles: skip

To                         Action      From
--                         ------      ----
80/tcp                     ALLOW IN    Anywhere                   # HTTP for Caddy
443/tcp                    ALLOW IN    Anywhere                   # HTTPS for Caddy
22/tcp                     ALLOW IN    Anywhere                  
80/tcp (v6)                ALLOW IN    Anywhere (v6)              # HTTP for Caddy
443/tcp (v6)               ALLOW IN    Anywhere (v6)              # HTTPS for Caddy
22/tcp (v6)                ALLOW IN    Anywhere (v6)             

PASS fail2ban active
v2.11.2 h1:iOlpsSiSKqEW+SIXrcZsZ/NO74SzB/ycqqvAIEfIm64=
{"level":"info","ts":1778607003.627878,"msg":"using config from file","file":"/etc/caddy/Caddyfile"}
{"level":"info","ts":1778607003.638801,"msg":"adapted config to JSON","adapter":"caddyfile"}
{"level":"info","ts":1778607003.6403565,"logger":"http.auto_https","msg":"server is listening only on the HTTPS port but has no TLS connection policies; adding one to enable TLS","server_name":"srv0","https_port":443}
{"level":"info","ts":1778607003.6406915,"logger":"http.auto_https","msg":"enabling automatic HTTP->HTTPS redirects","server_name":"srv0"}
{"level":"warn","ts":1778607003.6410112,"logger":"http.auto_https","msg":"server is listening only on the HTTP port, so no automatic HTTPS will be applied to this server","server_name":"srv1","http_port":80}
{"level":"info","ts":1778607003.6407583,"logger":"tls.cache.maintenance","msg":"started background certificate maintenance","cache":"0x34cc7ea02b00"}
{"level":"info","ts":1778607003.6421347,"logger":"tls.cache.maintenance","msg":"stopped background certificate maintenance","cache":"0x34cc7ea02b00"}
{"level":"info","ts":1778607003.642375,"logger":"http","msg":"servers shutting down with eternal grace period"}
Valid configuration
PASS Caddy active/config valid
udp   UNCONN 0      0                  *:443              *:*          
tcp   LISTEN 0      4096         0.0.0.0:22         0.0.0.0:*          
tcp   LISTEN 0      4096               *:443              *:*          
tcp   LISTEN 0      4096            [::]:22            [::]:*          
tcp   LISTEN 0      4096               *:80               *:*          
