PASS Postgres client 16
PASS Postgres active
PASS pgvector extension installed
twlv20_app|f|f
4
public.approvals
public.artifacts
public.runs
public.tenant_secrets_refs
You are now connected to database "twlv20" as user "postgres".
BEGIN
SET
              set_config              
--------------------------------------
 608755a7-b95d-428f-a341-5f92b881fe5b
(1 row)

INSERT 0 1
              set_config              
--------------------------------------
 3acd05e3-3525-493a-8482-8ca241e289dc
(1 row)

INSERT 0 1
              set_config              
--------------------------------------
 608755a7-b95d-428f-a341-5f92b881fe5b
(1 row)

DO
              set_config              
--------------------------------------
 3acd05e3-3525-493a-8482-8ca241e289dc
(1 row)

DO
 set_config 
------------
 
(1 row)

DO
RESET
ROLLBACK
          result           
---------------------------
 RLS isolation test passed
(1 row)

PASS RLS isolation test passed
