=== resources ===
2
8132496
=== infisical paths ===
drwx------ 2 root root 4096 May 12 03:33 /etc/infisical
drwx------ 2 root root 4096 May 12 00:00 /opt/infisical
total 0
=== backup units ===
# /etc/systemd/system/twlv20-postgres-backup.timer
[Unit]
Description=Run Twlv20 Postgres backup weekly

[Timer]
OnCalendar=Sun *-*-* 02:00:00 UTC
Persistent=true
RandomizedDelaySec=0
Unit=twlv20-postgres-backup.service

[Install]
WantedBy=timers.target

# /etc/systemd/system/twlv20-postgres-backup.service
[Unit]
Description=Twlv20 encrypted Postgres snapshot to Backblaze B2
OnFailure=twlv20-postgres-backup-alert@%n.service

[Service]
Type=oneshot
ExecStart=/usr/local/sbin/twlv20-postgres-backup
=== backup script refs ===
/etc/systemd/system/multi-user.target.wants/postfix.service:Conflicts=sendmail.service exim4.service
/etc/systemd/system/multi-user.target.wants/secureboot-db.service:ConditionPathExists=/sys/firmware/efi/efivars/db-d719b2cb-3d3a-4596-a3bc-dad00e67656f
/etc/systemd/system/multi-user.target.wants/secureboot-db.service:ExecStartPre=-/usr/bin/chattr -i /sys/firmware/efi/efivars/db-d719b2cb-3d3a-4596-a3bc-dad00e67656f
/etc/systemd/system/multi-user.target.wants/secureboot-db.service:ExecStartPre=-/usr/bin/chattr -i /sys/firmware/efi/efivars/dbx-d719b2cb-3d3a-4596-a3bc-dad00e67656f
/opt/twlv20-ai-skills/.git/hooks/pre-applypatch.sample:# by applypatch from an e-mail message.
/opt/twlv20-ai-skills/.git/hooks/sendemail-validate.sample:# sending it via email.
/opt/twlv20-ai-skills/.git/hooks/sendemail-validate.sample:# message if it wants to prevent the email(s) from being sent.
/opt/twlv20-ai-skills/.git/hooks/sendemail-validate.sample:# To enable this hook, rename this file to "sendemail-validate".
/opt/twlv20-ai-skills/.git/hooks/sendemail-validate.sample:#   sendemail.validateRemote (default: origin)
/opt/twlv20-ai-skills/.git/hooks/sendemail-validate.sample:#   sendemail.validateRemoteRef (default: HEAD)
/opt/twlv20-ai-skills/.git/hooks/sendemail-validate.sample:	remote=$(git config --default origin --get sendemail.validateRemote) &&
/opt/twlv20-ai-skills/.git/hooks/sendemail-validate.sample:	ref=$(git config --default HEAD --get sendemail.validateRemoteRef) &&
/opt/twlv20-ai-skills/.git/hooks/sendemail-validate.sample:	worktree=$(mktemp --tmpdir -d sendemail-validate.XXXXXXX) &&
/opt/twlv20-ai-skills/.git/hooks/sendemail-validate.sample:	git config --replace-all sendemail.validateWorktree "$worktree"
/opt/twlv20-ai-skills/.git/hooks/sendemail-validate.sample:	worktree=$(git config --get sendemail.validateWorktree)
/opt/twlv20-ai-skills/.git/hooks/sendemail-validate.sample:	echo "sendemail-validate: error: failed to prepare worktree" >&2
/opt/twlv20-ai-skills/.git/hooks/sendemail-validate.sample:	git config --unset-all sendemail.validateWorktree &&
/opt/twlv20-ai-skills/.git/hooks/applypatch-msg.sample:# applypatch from an e-mail message.
/opt/twlv20-ai-skills/docs/audits/final-verification-2026-05-12.md:postgres/weekly/2026-05-11/weekly-postgres-2026-05-11-2336UTC.sql.gz.gpg
/opt/twlv20-ai-skills/docs/audits/final-verification-2026-05-12.md:Prior restore drill succeeded: download → decrypt → restore to throwaway DB → verify → drop throwaway DB.
/opt/twlv20-ai-skills/docs/audits/final-verification-2026-05-12.md:{"message":"Ok","emailConfigured":false,"inviteOnlySignup":true,"redisConfigured":true}
/opt/twlv20-ai-skills/docs/RUNBOOKS/postgres-backups.md:- B2 helper: `/usr/local/sbin/twlv20-pg-b2.py`
/opt/twlv20-ai-skills/docs/RUNBOOKS/postgres-backups.md:- B2 key/env file: `/root/.secrets/b2-backup.env`
/opt/twlv20-ai-skills/docs/RUNBOOKS/postgres-backups.md:- GPG symmetric encryption passphrase: `/root/.secrets/pg-backup-gpg.pass`
/opt/twlv20-ai-skills/docs/RUNBOOKS/postgres-backups.md:- Filename format: `postgres/weekly/YYYY-MM-DD/weekly-postgres-YYYY-MM-DD-HHMMUTC.sql.gz.gpg`
/opt/twlv20-ai-skills/docs/RUNBOOKS/postgres-backups.md:- Retention: backup script keeps the newest 8 `.sql.gz.gpg` weekly objects and deletes older objects under the prefix.
/opt/twlv20-ai-skills/docs/RUNBOOKS/postgres-backups.md:## Restore drill / restore steps
/opt/twlv20-ai-skills/docs/RUNBOOKS/postgres-backups.md:This restores the latest encrypted B2 object into a throwaway DB, verifies basic table/extension presence, then drops it.
/opt/twlv20-ai-skills/docs/RUNBOOKS/postgres-backups.md:source /root/.secrets/b2-backup.env
/opt/twlv20-ai-skills/docs/RUNBOOKS/postgres-backups.md:WORK=$(mktemp -d /var/backups/twlv20-postgres/restore-test.XXXXXX)
/opt/twlv20-ai-skills/docs/RUNBOOKS/postgres-backups.md:trap 'sudo -u postgres dropdb --if-exists twlv20_restore_test >/dev/null 2>&1 || true; rm -rf "$WORK"' EXIT
/opt/twlv20-ai-skills/docs/RUNBOOKS/postgres-backups.md:OBJ=$(/usr/local/sbin/twlv20-pg-b2.py latest "$B2_OBJECT_PREFIX/")
/opt/twlv20-ai-skills/docs/RUNBOOKS/postgres-backups.md:/usr/local/sbin/twlv20-pg-b2.py download "$OBJ" "$WORK/snapshot.sql.gz.gpg"
/opt/twlv20-ai-skills/docs/RUNBOOKS/postgres-backups.md:gpg --batch --yes --decrypt \
/opt/twlv20-ai-skills/docs/RUNBOOKS/postgres-backups.md:  --passphrase-file /root/.secrets/pg-backup-gpg.pass \
/opt/twlv20-ai-skills/docs/RUNBOOKS/postgres-backups.md:  "$WORK/snapshot.sql.gz.gpg"
/opt/twlv20-ai-skills/docs/RUNBOOKS/postgres-backups.md:sudo -u postgres dropdb --if-exists twlv20_restore_test
/opt/twlv20-ai-skills/docs/RUNBOOKS/postgres-backups.md:sudo -u postgres createdb twlv20_restore_test
/opt/twlv20-ai-skills/docs/RUNBOOKS/postgres-backups.md:cat "$WORK/snapshot.sql" | sudo -u postgres psql -v ON_ERROR_STOP=1 -d twlv20_restore_test
/opt/twlv20-ai-skills/docs/RUNBOOKS/postgres-backups.md:sudo -u postgres psql -At -d twlv20_restore_test -c "select count(*) from tenants; select count(*) from runs; select extname from pg_extension where extname in ('pgcrypto','vector') order by extname;"
/opt/twlv20-ai-skills/docs/RUNBOOKS/postgres-backups.md:sudo -u postgres dropdb twlv20_restore_test
/opt/twlv20-ai-skills/docs/RUNBOOKS/postgres-backups.md:3. Edit `/root/.secrets/b2-backup.env` and replace only the key ID/application key values.
/opt/twlv20-ai-skills/docs/RUNBOOKS/postgres-backups.md:sudo chmod 600 /root/.secrets/b2-backup.env
/opt/twlv20-ai-skills/docs/RUNBOOKS/postgres-backups.md:sudo chown root:root /root/.secrets/b2-backup.env
/opt/twlv20-ai-skills/docs/RUNBOOKS/postgres-backups.md:5. Run a manual snapshot and restore drill before deleting the old key.
/opt/twlv20-ai-skills/docs/RUNBOOKS/postgres-backups.md:The alert script is `/usr/local/sbin/twlv20-postgres-backup-alert` and sends to `ai@twlv20.com` using local mail/sendmail. Postfix and `bsd-mailx` are installed on the droplet. If mail delivery is suspected to be blocked by the provider, check:
/opt/twlv20-ai-skills/docs/RUNBOOKS/postgres-backups.md:sudo mailq
/opt/twlv20-ai-skills/docs/RUNBOOKS/infisical.md:- `emailConfigured: false` until SMTP is configured
/opt/twlv20-ai-skills/docs/RUNBOOKS/infisical.md:- SMTP/email: needs approved SMTP provider/credentials.
/opt/twlv20-ai-skills/runtime/node_modules/@types/node/dgram.d.ts:         * counting and restores the default behavior.
/opt/twlv20-ai-skills/runtime/node_modules/@types/node/sea.d.ts: *    * `--sentinel-fuse NODE_SEA_FUSE_fce680ab2cc467b6e072b8b5df1996b2` \- The [fuse](https://www.electronjs.org/docs/latest/tutorial/fuses) used by the Node.js project to detect if a file has been
/opt/twlv20-ai-skills/runtime/node_modules/@types/node/sea.d.ts: *        --sentinel-fuse NODE_SEA_FUSE_fce680ab2cc467b6e072b8b5df1996b2
/opt/twlv20-ai-skills/runtime/node_modules/@types/node/sea.d.ts: *        --sentinel-fuse NODE_SEA_FUSE_fce680ab2cc467b6e072b8b5df1996b2
/opt/twlv20-ai-skills/runtime/node_modules/@types/node/sea.d.ts: *        --sentinel-fuse NODE_SEA_FUSE_fce680ab2cc467b6e072b8b5df1996b2
/opt/twlv20-ai-skills/runtime/node_modules/@types/node/sea.d.ts: *        --sentinel-fuse NODE_SEA_FUSE_fce680ab2cc467b6e072b8b5df1996b2 \
/opt/twlv20-ai-skills/runtime/node_modules/@types/node/crypto.d.ts:     *   'e5f79c5915c02171eec6b212d5520d44480993d7d622a7c4c2da32f6efda0ffa';
/opt/twlv20-ai-skills/runtime/node_modules/@types/node/crypto.d.ts:     *   'e5f79c5915c02171eec6b212d5520d44480993d7d622a7c4c2da32f6efda0ffa';
/opt/twlv20-ai-skills/runtime/node_modules/@types/node/crypto.d.ts:         * Checks whether the certificate matches the given email address.
/opt/twlv20-ai-skills/runtime/node_modules/@types/node/crypto.d.ts:         * not exist or does not contain any email addresses.
/opt/twlv20-ai-skills/runtime/node_modules/@types/node/crypto.d.ts:         * name extension either does not exist or does not contain a matching email
/opt/twlv20-ai-skills/runtime/node_modules/@types/node/crypto.d.ts:         * @return Returns `email` if the certificate matches, `undefined` if it does not.
/opt/twlv20-ai-skills/runtime/node_modules/@types/node/crypto.d.ts:        checkEmail(email: string, options?: Pick<X509CheckOptions, "subject">): string | undefined;
/opt/twlv20-ai-skills/runtime/node_modules/@types/node/dns.d.ts:        contactemail?: string | undefined;
/opt/twlv20-ai-skills/runtime/node_modules/@types/node/dns.d.ts:     * available for the `hostname` (e.g. `[{critical: 0, iodef: 'mailto:pki@example.com'}, {critical: 128, issue: 'pki.example.com'}]`).
/opt/twlv20-ai-skills/runtime/node_modules/@types/node/dns.d.ts:     * Uses the DNS protocol to resolve mail exchange records (`MX` records) for the `hostname`. The `addresses` argument passed to the `callback` function will
/opt/twlv20-ai-skills/runtime/node_modules/@types/node/zlib.d.ts:     * so Node.js restored the original behavior of upgrading a value of 8 to 9,
/opt/twlv20-ai-skills/runtime/node_modules/@types/node/async_hooks.d.ts:     * // * restore the original execution context
/opt/twlv20-ai-skills/runtime/node_modules/@types/node/async_hooks.d.ts:         * then restore the original execution context.
/opt/twlv20-ai-skills/runtime/node_modules/@types/node/dns/promises.d.ts:     * certification authority authorization records available for the `hostname` (e.g. `[{critical: 0, iodef: 'mailto:pki@example.com'},{critical: 128, issue: 'pki.example.com'}]`).
/opt/twlv20-ai-skills/runtime/node_modules/@types/node/dns/promises.d.ts:     * Uses the DNS protocol to resolve mail exchange records (`MX` records) for the `hostname`. On success, the `Promise` is resolved with an array of objects
/opt/twlv20-ai-skills/runtime/node_modules/@types/node/test.d.ts:             * it will automatically restore the behavior of `original`.
/opt/twlv20-ai-skills/runtime/node_modules/@types/node/test.d.ts:             * then restore the behavior of `original`.
/opt/twlv20-ai-skills/runtime/node_modules/@types/node/test.d.ts:             * This function restores the default behavior of all mocks that were previously
/opt/twlv20-ai-skills/runtime/node_modules/@types/node/test.d.ts:             * This function restores the default behavior of all mocks that were previously
/opt/twlv20-ai-skills/runtime/node_modules/@types/node/test.d.ts:             * created by this `MockTracker`. Unlike `mock.reset()`, `mock.restoreAll()` does
/opt/twlv20-ai-skills/runtime/node_modules/@types/node/test.d.ts:            restoreAll(): void;
/opt/twlv20-ai-skills/runtime/node_modules/@types/node/test.d.ts:            restore(): void;
/opt/twlv20-ai-skills/runtime/node_modules/@types/node/test.d.ts:            restore(): void;
/opt/twlv20-ai-skills/runtime/node_modules/@types/node/test.d.ts:             * This function restores the default behavior of all mocks that were previously
/opt/twlv20-ai-skills/runtime/node_modules/@types/node/diagnostics_channel.d.ts:         * // Then asyncStart can restore from that data it stored previously
/opt/twlv20-ai-skills/runtime/node_modules/@types/node/fs.d.ts:     * * the file is deleted, followed by a restore
/opt/twlv20-ai-skills/runtime/node_modules/@types/node/fs.d.ts:     * * the file is deleted, followed by a restore
/opt/twlv20-ai-skills/runtime/node_modules/@types/node/package.json:    "typesPublisherContentHash": "d4b6708cebe51e35cb2a49a7977a1d13cce88e81ad8d260e2602e6a0dad4037b",
/opt/twlv20-ai-skills/runtime/node_modules/@types/node/child_process.d.ts:         * restore the removed reference count for the child process, forcing the parent
/opt/twlv20-ai-skills/runtime/node_modules/typescript/SECURITY.md:If you prefer to submit without logging in, send email to [secure@microsoft.com](mailto:secure@microsoft.com).  If possible, encrypt your message with our PGP key; please download it from the [Microsoft Security Response Center PGP Key page](https://aka.ms/security.md/msrc/pgp).
/opt/twlv20-ai-skills/runtime/node_modules/typescript/SECURITY.md:You should receive a response within 24 hours. If for some reason you do not, please follow up via email to ensure we received your original message. Additional information can be found at [microsoft.com/msrc](https://www.microsoft.com/msrc). 
/opt/twlv20-ai-skills/runtime/node_modules/typescript/README.md:the [Code of Conduct FAQ](https://opensource.microsoft.com/codeofconduct/faq/) or contact [opencode@microsoft.com](mailto:opencode@microsoft.com)
/opt/twlv20-ai-skills/runtime/node_modules/typescript/lib/lib.dom.iterable.d.ts:    vertexAttrib2fv(index: GLuint, values: Iterable<GLfloat>): void;
/opt/twlv20-ai-skills/runtime/node_modules/typescript/lib/_tsc.js:function generateDjb2Hash(data) {
/opt/twlv20-ai-skills/runtime/node_modules/typescript/lib/_tsc.js:      createHash: _crypto ? createSHA256Hash : generateDjb2Hash,
/opt/twlv20-ai-skills/runtime/node_modules/typescript/lib/_tsc.js:        return factory2.restoreOuterExpressions(expression, updated, 8 /* PartiallyEmittedExpressions */);
/opt/twlv20-ai-skills/runtime/node_modules/typescript/lib/_tsc.js:    restoreOuterExpressions,
/opt/twlv20-ai-skills/runtime/node_modules/typescript/lib/_tsc.js:    restoreEnclosingLabel,
/opt/twlv20-ai-skills/runtime/node_modules/typescript/lib/_tsc.js:  function restoreOuterExpressions(outerExpression, innerExpression, kinds = 63 /* All */) {
/opt/twlv20-ai-skills/runtime/node_modules/typescript/lib/_tsc.js:        restoreOuterExpressions(outerExpression.expression, innerExpression)
/opt/twlv20-ai-skills/runtime/node_modules/typescript/lib/_tsc.js:  function restoreEnclosingLabel(node, outermostLabeledStatement, afterRestoreLabelCallback) {
/opt/twlv20-ai-skills/runtime/node_modules/typescript/lib/_tsc.js:      isLabeledStatement(outermostLabeledStatement.statement) ? restoreEnclosingLabel(node, outermostLabeledStatement.statement) : node
/opt/twlv20-ai-skills/runtime/node_modules/typescript/lib/_tsc.js:        const textOnly = parseAuthorNameAndEmail();
/opt/twlv20-ai-skills/runtime/node_modules/typescript/lib/_tsc.js:      function parseAuthorNameAndEmail() {
/opt/twlv20-ai-skills/runtime/node_modules/typescript/lib/_tsc.js:        let inEmail = false;
/opt/twlv20-ai-skills/runtime/node_modules/typescript/lib/_tsc.js:            inEmail = true;
/opt/twlv20-ai-skills/runtime/node_modules/typescript/lib/_tsc.js:          } else if (token2 === 60 /* AtToken */ && !inEmail) {
/opt/twlv20-ai-skills/runtime/node_modules/typescript/lib/_tsc.js:          } else if (token2 === 32 /* GreaterThanToken */ && inEmail) {
/opt/twlv20-ai-skills/runtime/node_modules/typescript/lib/_tsc.js:      var _a2, _b2;
/opt/twlv20-ai-skills/runtime/node_modules/typescript/lib/_tsc.js:      return getNormalizedAbsolutePath(path, (_b2 = (_a2 = state.host).getCurrentDirectory) == null ? void 0 : _b2.call(_a2));
/opt/twlv20-ai-skills/runtime/node_modules/typescript/lib/_tsc.js:      var _a2, _b2, _c, _d;
/opt/twlv20-ai-skills/runtime/node_modules/typescript/lib/_tsc.js:          const commonDir = toAbsolutePath(getCommonSourceDirectory(state.compilerOptions, () => [], ((_b2 = (_a2 = state.host).getCurrentDirectory) == null ? void 0 : _b2.call(_a2)) || "", getCanonicalFileName));
/opt/twlv20-ai-skills/runtime/node_modules/typescript/lib/_tsc.js:            var _a2, _b2;
/opt/twlv20-ai-skills/runtime/node_modules/typescript/lib/_tsc.js:            return !!(isExportDeclaration(decl) && decl.moduleSpecifier && ((_b2 = (_a2 = resolveExternalModuleName(decl, decl.moduleSpecifier)) == null ? void 0 : _a2.exports) == null ? void 0 : _b2.has("default" /* Default */)));
/opt/twlv20-ai-skills/runtime/node_modules/typescript/lib/_tsc.js:      return restore;
/opt/twlv20-ai-skills/runtime/node_modules/typescript/lib/_tsc.js:      function restore() {
/opt/twlv20-ai-skills/runtime/node_modules/typescript/lib/_tsc.js:      return restore;
/opt/twlv20-ai-skills/runtime/node_modules/typescript/lib/_tsc.js:      function restore() {
/opt/twlv20-ai-skills/runtime/node_modules/typescript/lib/_tsc.js:      const restoreFlags = saveRestoreFlags(context);
/opt/twlv20-ai-skills/runtime/node_modules/typescript/lib/_tsc.js:      restoreFlags();
/opt/twlv20-ai-skills/runtime/node_modules/typescript/lib/_tsc.js:        var _a2, _b2, _c;
/opt/twlv20-ai-skills/runtime/node_modules/typescript/lib/_tsc.js:              (_c = (_b2 = context.tracker) == null ? void 0 : _b2.reportCyclicStructureError) == null ? void 0 : _c.call(_b2);
/opt/twlv20-ai-skills/runtime/node_modules/typescript/lib/_tsc.js:        var _a2, _b2;
/opt/twlv20-ai-skills/runtime/node_modules/typescript/lib/_tsc.js:          if ((_b2 = context.visitedTypes) == null ? void 0 : _b2.has(typeId)) {
/opt/twlv20-ai-skills/runtime/node_modules/typescript/lib/_tsc.js:        var _a2, _b2, _c;
=== repo layout ===
//opt/twlv20-ai-skills/.github/workflows/ci.yml
//opt/twlv20-ai-skills/.github/workflows/deploy.yml
//opt/twlv20-ai-skills/infra/schema.sql
//opt/twlv20-ai-skills/infra/tests/rls_isolation.sql
//opt/twlv20-ai-skills/docs/audits/final-verification-2026-05-12.md
//opt/twlv20-ai-skills/docs/ARCHITECTURE.md
//opt/twlv20-ai-skills/docs/RUNBOOKS/droplet-hardening.md
//opt/twlv20-ai-skills/docs/RUNBOOKS/postgres-backups.md
//opt/twlv20-ai-skills/docs/RUNBOOKS/infisical.md
