drwx------ 2 root root 4096 May 12 03:33 /etc/infisical
drwx------ 2 root root 4096 May 12 00:00 /opt/infisical
600 root:root /etc/infisical/.env
600 root:root /etc/infisical/.env.bak.20260512033355
600 root:root /opt/infisical/docker-compose.yml
--- .env keys only ---
AUTH_SECRET=<redacted>
DB_CONNECTION_URI=<redacted>
ENCRYPTION_KEY=<redacted>
HOST=<redacted>
HTTPS_ENABLED=<redacted>
PORT=<redacted>
REDIS_URL=<redacted>
SITE_URL=<redacted>
SMTP_FROM_ADDRESS=<redacted>
SMTP_FROM_NAME=<redacted>
SMTP_HELO_HOST=<redacted>
SMTP_HOST=<redacted>
SMTP_IGNORE_TLS=<redacted>
SMTP_PORT=<redacted>
SMTP_REQUIRE_TLS=<redacted>
TELEMETRY_ENABLED=<redacted>
