Status: active
Logging: on (low)
Default: deny (incoming), allow (outgoing), deny (routed)
New profiles: skip

To                         Action      From
--                         ------      ----
80/tcp                     ALLOW IN    Anywhere                   # HTTP for Caddy
443/tcp                    ALLOW IN    Anywhere                   # HTTPS for Caddy
22/tcp                     ALLOW IN    Anywhere                  
80/tcp (v6)                ALLOW IN    Anywhere (v6)              # HTTP for Caddy
443/tcp (v6)               ALLOW IN    Anywhere (v6)              # HTTPS for Caddy
22/tcp (v6)                ALLOW IN    Anywhere (v6)             

Status: active

     To                         Action      From
     --                         ------      ----
[ 1] 80/tcp                     ALLOW IN    Anywhere                   # HTTP for Caddy
[ 2] 443/tcp                    ALLOW IN    Anywhere                   # HTTPS for Caddy
[ 3] 22/tcp                     ALLOW IN    Anywhere                  
[ 4] 80/tcp (v6)                ALLOW IN    Anywhere (v6)              # HTTP for Caddy
[ 5] 443/tcp (v6)               ALLOW IN    Anywhere (v6)              # HTTPS for Caddy
[ 6] 22/tcp (v6)                ALLOW IN    Anywhere (v6)             

