=== selected counts v2 ===
users=1
organizations=2
projects=10
identities=10
identity_universal_auths=10
project_environments=30
memberships=26
membership_roles=26
project_roles=missing
=== users redacted ===
                  id                  | email_redacted  | superAdmin | isMfaEnabled | isEmailVerified |           createdAt           
--------------------------------------+-----------------+------------+--------------+-----------------+-------------------------------
 8b27a3dd-5f1e-4729-a2fb-aa2c01886890 | a***@twlv20.com | t          | f            | t               | 2026-05-12 04:12:57.070245+00
(1 row)

=== organizations ===
                  id                  |   name    |       slug       | enforceMfa |           createdAt           
--------------------------------------+-----------+------------------+------------+-------------------------------
 0f34738b-fc2b-4c81-9581-df8a61f7f6ac | Admin Org | admin-org-8i55   | f          | 2026-05-12 02:29:12.520824+00
 1543e1eb-cbf5-4680-a2f3-859c272facea | Admin Org | admin-org-o-we-7 | f          | 2026-05-12 04:12:57.082543+00
(2 rows)

=== projects ===
                  id                  |          name          |             slug              |      type      |                orgId                 |           createdAt           
--------------------------------------+------------------------+-------------------------------+----------------+--------------------------------------+-------------------------------
 f57875e8-8b00-4bb6-9639-b630cb11526d | Global                 | global-zz-ow                  | secret-manager | 0f34738b-fc2b-4c81-9581-df8a61f7f6ac | 2026-05-12 02:35:00.399767+00
 896446ee-3613-46ee-aea2-0527c757d79f | Pure Peptide Solutions | pure-peptide-solutions-j-f5-r | secret-manager | 0f34738b-fc2b-4c81-9581-df8a61f7f6ac | 2026-05-12 02:35:26.141458+00
 e5180d95-804a-4487-bf13-b651fe59702b | AgereSciences          | agere-sciences-wd-ke          | secret-manager | 0f34738b-fc2b-4c81-9581-df8a61f7f6ac | 2026-05-12 02:35:43.593124+00
 582c1491-6ecc-4e83-a5d4-077613d40a36 | SRU                    | sru-n-xty                     | secret-manager | 0f34738b-fc2b-4c81-9581-df8a61f7f6ac | 2026-05-12 02:36:05.449088+00
 c4d8b1ac-b804-4ff7-9798-35c27e0b11a7 | Twlv20 Internal        | twlv20-internal-e-ibl         | secret-manager | 0f34738b-fc2b-4c81-9581-df8a61f7f6ac | 2026-05-12 02:36:24.873563+00
 dc53ea58-adb2-4b12-b74c-b37bee28ed18 | Global                 | global-o-o-zj                 | secret-manager | 1543e1eb-cbf5-4680-a2f3-859c272facea | 2026-05-12 04:16:22.242712+00
 a6320f19-df0a-4f0e-a43a-263bc51313a8 | Pure Peptide Solutions | pure-peptide-solutions-ml-lm  | secret-manager | 1543e1eb-cbf5-4680-a2f3-859c272facea | 2026-05-12 04:16:57.589208+00
 701f3498-c12d-403b-9508-f85a5a7a639c | AgereSciences          | agere-sciences-r-lu-q         | secret-manager | 1543e1eb-cbf5-4680-a2f3-859c272facea | 2026-05-12 04:17:16.453334+00
 ce629fdd-e0b4-467b-ad88-b1696bd58acb | SRU                    | sru-ncjn                      | secret-manager | 1543e1eb-cbf5-4680-a2f3-859c272facea | 2026-05-12 04:17:38.482104+00
 263157c7-70f4-4871-8642-814e595f8752 | Twlv20 Internal        | twlv20-internal-887-u         | secret-manager | 1543e1eb-cbf5-4680-a2f3-859c272facea | 2026-05-12 04:17:59.652505+00
(10 rows)

=== identities ===
                  id                  |             name              | authMethod |                orgId                 | projectId |           createdAt           
--------------------------------------+-------------------------------+------------+--------------------------------------+-----------+-------------------------------
 03d3d313-cb67-4fef-a71d-7706af092254 | twlv20-global-runtime         |            | 0f34738b-fc2b-4c81-9581-df8a61f7f6ac |           | 2026-05-12 02:41:24.478237+00
 7554ef4f-f931-4040-9ee5-a0123ea43ca2 | twlv20-pure-peptide-runtime   |            | 0f34738b-fc2b-4c81-9581-df8a61f7f6ac |           | 2026-05-12 02:44:33.450709+00
 c03bd73d-8091-4471-9489-670d2948955a | twlv20-agere-sciences-runtime |            | 0f34738b-fc2b-4c81-9581-df8a61f7f6ac |           | 2026-05-12 02:45:51.457711+00
 162e2dae-0bd7-4009-a836-736f7c81a422 | twlv20-sru-runtime            |            | 0f34738b-fc2b-4c81-9581-df8a61f7f6ac |           | 2026-05-12 02:47:24.447308+00
 df9b25c0-561b-4af1-92d6-663c992f6bfb | twlv20-internal-runtime       |            | 0f34738b-fc2b-4c81-9581-df8a61f7f6ac |           | 2026-05-12 02:48:50.444299+00
 5c81ad3f-d65b-42be-a06c-ac2435d02ee1 | twlv20-global-runtime         |            | 1543e1eb-cbf5-4680-a2f3-859c272facea |           | 2026-05-12 04:19:04.454284+00
 eb93a5c3-24ef-428b-a29d-df86feeca250 | twlv20-pure-peptide-runtime   |            | 1543e1eb-cbf5-4680-a2f3-859c272facea |           | 2026-05-12 04:20:23.518755+00
 b90ebafe-abc3-4b2e-986c-6baa56755637 | twlv20-agere-sciences-runtime |            | 1543e1eb-cbf5-4680-a2f3-859c272facea |           | 2026-05-12 04:21:31.194478+00
 a6fef82e-0ef5-4a09-827c-7b7a83b3e149 | twlv20-sru-runtime            |            | 1543e1eb-cbf5-4680-a2f3-859c272facea |           | 2026-05-12 04:22:40.461382+00
 5f3c4922-67ea-4442-a189-044b1b6ea7bb | twlv20-internal-runtime       |            | 1543e1eb-cbf5-4680-a2f3-859c272facea |           | 2026-05-12 04:24:06.993053+00
(10 rows)

=== universal auths ===
              identityId              | accessTokenTTL | accessTokenMaxTTL | accessTokenNumUsesLimit 
--------------------------------------+----------------+-------------------+-------------------------
 03d3d313-cb67-4fef-a71d-7706af092254 |        2592000 |           2592000 |                       0
 7554ef4f-f931-4040-9ee5-a0123ea43ca2 |        2592000 |           2592000 |                       0
 c03bd73d-8091-4471-9489-670d2948955a |        2592000 |           2592000 |                       0
 162e2dae-0bd7-4009-a836-736f7c81a422 |        2592000 |           2592000 |                       0
 df9b25c0-561b-4af1-92d6-663c992f6bfb |        2592000 |           2592000 |                       0
 5c81ad3f-d65b-42be-a06c-ac2435d02ee1 |        2592000 |           2592000 |                       0
 eb93a5c3-24ef-428b-a29d-df86feeca250 |        2592000 |           2592000 |                       0
 b90ebafe-abc3-4b2e-986c-6baa56755637 |        2592000 |           2592000 |                       0
 a6fef82e-0ef5-4a09-827c-7b7a83b3e149 |        2592000 |           2592000 |                       0
 5f3c4922-67ea-4442-a189-044b1b6ea7bb |        2592000 |           2592000 |                       0
(10 rows)

=== project environments ===
              projectId               |    name     |  slug   
--------------------------------------+-------------+---------
 263157c7-70f4-4871-8642-814e595f8752 | Development | dev
 263157c7-70f4-4871-8642-814e595f8752 | Staging     | staging
 263157c7-70f4-4871-8642-814e595f8752 | Production  | prod
 582c1491-6ecc-4e83-a5d4-077613d40a36 | Development | dev
 582c1491-6ecc-4e83-a5d4-077613d40a36 | Staging     | staging
 582c1491-6ecc-4e83-a5d4-077613d40a36 | Production  | prod
 701f3498-c12d-403b-9508-f85a5a7a639c | Development | dev
 701f3498-c12d-403b-9508-f85a5a7a639c | Staging     | staging
 701f3498-c12d-403b-9508-f85a5a7a639c | Production  | prod
 896446ee-3613-46ee-aea2-0527c757d79f | Development | dev
 896446ee-3613-46ee-aea2-0527c757d79f | Staging     | staging
 896446ee-3613-46ee-aea2-0527c757d79f | Production  | prod
 a6320f19-df0a-4f0e-a43a-263bc51313a8 | Development | dev
 a6320f19-df0a-4f0e-a43a-263bc51313a8 | Staging     | staging
 a6320f19-df0a-4f0e-a43a-263bc51313a8 | Production  | prod
 c4d8b1ac-b804-4ff7-9798-35c27e0b11a7 | Development | dev
 c4d8b1ac-b804-4ff7-9798-35c27e0b11a7 | Staging     | staging
 c4d8b1ac-b804-4ff7-9798-35c27e0b11a7 | Production  | prod
 ce629fdd-e0b4-467b-ad88-b1696bd58acb | Development | dev
 ce629fdd-e0b4-467b-ad88-b1696bd58acb | Staging     | staging
 ce629fdd-e0b4-467b-ad88-b1696bd58acb | Production  | prod
 dc53ea58-adb2-4b12-b74c-b37bee28ed18 | Development | dev
 dc53ea58-adb2-4b12-b74c-b37bee28ed18 | Staging     | staging
 dc53ea58-adb2-4b12-b74c-b37bee28ed18 | Production  | prod
 e5180d95-804a-4487-bf13-b651fe59702b | Development | dev
 e5180d95-804a-4487-bf13-b651fe59702b | Staging     | staging
 e5180d95-804a-4487-bf13-b651fe59702b | Production  | prod
 f57875e8-8b00-4bb6-9639-b630cb11526d | Development | dev
 f57875e8-8b00-4bb6-9639-b630cb11526d | Staging     | staging
 f57875e8-8b00-4bb6-9639-b630cb11526d | Production  | prod
(30 rows)

