--- columns memberships
id:uuid
scope:character varying
actorUserId:uuid
actorIdentityId:uuid
actorGroupId:uuid
scopeOrgId:uuid
scopeProjectId:character varying
isActive:boolean
status:character varying
inviteEmail:character varying
lastInvitedAt:timestamp with time zone
lastLoginAuthMethod:character varying
lastLoginTime:timestamp with time zone
projectFavorites:ARRAY
createdAt:timestamp with time zone
updatedAt:timestamp with time zone
--- sample memberships
                  id                  |    scope     | actorUserId |           actorIdentityId            | actorGroupId |              scopeOrgId              |            scopeProjectId            | isActive | status | inviteEmail | lastInvitedAt | lastLoginAuthMethod | lastLoginTime | projectFavorites |           createdAt           |           updatedAt           
--------------------------------------+--------------+-------------+--------------------------------------+--------------+--------------------------------------+--------------------------------------+----------+--------+-------------+---------------+---------------------+---------------+------------------+-------------------------------+-------------------------------
 cd593829-4eb9-45b1-8223-4f2b058179c4 | organization |             | 03d3d313-cb67-4fef-a71d-7706af092254 |              | 0f34738b-fc2b-4c81-9581-df8a61f7f6ac |                                      | t        |        |             |               |                     |               |                  | 2026-05-12 02:41:24.478237+00 | 2026-05-12 02:41:24.478237+00
 d5037a60-e7e4-46ec-985e-6f20a6d040f5 | project      |             | 03d3d313-cb67-4fef-a71d-7706af092254 |              | 0f34738b-fc2b-4c81-9581-df8a61f7f6ac | f57875e8-8b00-4bb6-9639-b630cb11526d | t        |        |             |               |                     |               |                  | 2026-05-12 02:43:48.468705+00 | 2026-05-12 02:43:48.468705+00
 b956029c-6845-4473-9113-df55f71f26ed | organization |             | 7554ef4f-f931-4040-9ee5-a0123ea43ca2 |              | 0f34738b-fc2b-4c81-9581-df8a61f7f6ac |                                      | t        |        |             |               |                     |               |                  | 2026-05-12 02:44:33.450709+00 | 2026-05-12 02:44:33.450709+00
 6fa209f2-2bcd-4874-a4a1-cdb902cd49bd | project      |             | 7554ef4f-f931-4040-9ee5-a0123ea43ca2 |              | 0f34738b-fc2b-4c81-9581-df8a61f7f6ac | 896446ee-3613-46ee-aea2-0527c757d79f | t        |        |             |               |                     |               |                  | 2026-05-12 02:45:40.471079+00 | 2026-05-12 02:45:40.471079+00
 0c3241e7-1cfe-4ca2-8511-5ea4e07b6b69 | organization |             | c03bd73d-8091-4471-9489-670d2948955a |              | 0f34738b-fc2b-4c81-9581-df8a61f7f6ac |                                      | t        |        |             |               |                     |               |                  | 2026-05-12 02:45:51.457711+00 | 2026-05-12 02:45:51.457711+00
(5 rows)

--- columns membership_roles
id:uuid
role:character varying
isTemporary:boolean
temporaryMode:character varying
temporaryRange:character varying
temporaryAccessStartTime:timestamp with time zone
temporaryAccessEndTime:timestamp with time zone
customRoleId:uuid
membershipId:uuid
createdAt:timestamp with time zone
updatedAt:timestamp with time zone
--- sample membership_roles
                  id                  |  role  | isTemporary | temporaryMode | temporaryRange | temporaryAccessStartTime | temporaryAccessEndTime | customRoleId |             membershipId             |           createdAt           |           updatedAt           
--------------------------------------+--------+-------------+---------------+----------------+--------------------------+------------------------+--------------+--------------------------------------+-------------------------------+-------------------------------
 24c5b626-2088-43ef-a992-6c003c7b61b0 | member | f           |               |                |                          |                        |              | cd593829-4eb9-45b1-8223-4f2b058179c4 | 2026-05-12 02:41:24.478237+00 | 2026-05-12 02:41:24.478237+00
 c8a378a7-5a4a-435c-a1b1-7ae0fde74b4d | member | f           |               |                |                          |                        |              | d5037a60-e7e4-46ec-985e-6f20a6d040f5 | 2026-05-12 02:43:48.468705+00 | 2026-05-12 02:43:48.468705+00
 dbb96a09-f1c4-4af8-954e-c9c66ca9902e | member | f           |               |                |                          |                        |              | b956029c-6845-4473-9113-df55f71f26ed | 2026-05-12 02:44:33.450709+00 | 2026-05-12 02:44:33.450709+00
 a380e8f8-3c05-4675-8526-b685ee233ceb | member | f           |               |                |                          |                        |              | 6fa209f2-2bcd-4874-a4a1-cdb902cd49bd | 2026-05-12 02:45:40.471079+00 | 2026-05-12 02:45:40.471079+00
 a55d7cd8-1fe9-47e9-9ce2-3b35959454d4 | member | f           |               |                |                          |                        |              | 0c3241e7-1cfe-4ca2-8511-5ea4e07b6b69 | 2026-05-12 02:45:51.457711+00 | 2026-05-12 02:45:51.457711+00
(5 rows)

--- columns roles
id:uuid
name:character varying
description:character varying
slug:character varying
permissions:jsonb
orgId:uuid
projectId:character varying
createdAt:timestamp with time zone
updatedAt:timestamp with time zone
--- sample roles
 id | name | description | slug | permissions | orgId | projectId | createdAt | updatedAt 
----+------+-------------+------+-------------+-------+-----------+-----------+-----------
(0 rows)

--- columns additional_privileges
id:uuid
name:character varying
isTemporary:boolean
temporaryMode:character varying
temporaryRange:character varying
temporaryAccessStartTime:timestamp with time zone
temporaryAccessEndTime:timestamp with time zone
permissions:jsonb
actorUserId:uuid
actorIdentityId:uuid
orgId:uuid
projectId:character varying
createdAt:timestamp with time zone
updatedAt:timestamp with time zone
--- sample additional_privileges
 id | name | isTemporary | temporaryMode | temporaryRange | temporaryAccessStartTime | temporaryAccessEndTime | permissions | actorUserId | actorIdentityId | orgId | projectId | createdAt | updatedAt 
----+------+-------------+---------------+----------------+--------------------------+------------------------+-------------+-------------+-----------------+-------+-----------+-----------+-----------
(0 rows)

--- columns resource_metadata
id:uuid
key:character varying
value:character varying
orgId:uuid
userId:uuid
identityId:uuid
secretId:uuid
createdAt:timestamp with time zone
updatedAt:timestamp with time zone
dynamicSecretId:uuid
encryptedValue:bytea
certificateId:uuid
certificateRequestId:uuid
certificateRequestCreatedAt:timestamp with time zone
pamResourceId:uuid
pamAccountId:uuid
pamDomainId:uuid
--- sample resource_metadata
 id | key | value | orgId | userId | identityId | secretId | createdAt | updatedAt | dynamicSecretId | encryptedValue | certificateId | certificateRequestId | certificateRequestCreatedAt | pamResourceId | pamAccountId | pamDomainId 
----+-----+-------+-------+--------+------------+----------+-----------+-----------+-----------------+----------------+---------------+----------------------+-----------------------------+---------------+--------------+-------------
(0 rows)

