=== tables with identityId column ===
gateways
gateways_v2
identity_access_token_revocations
identity_access_tokens
identity_alicloud_auths
identity_aws_auths
identity_azure_auths
identity_gcp_auths
identity_group_membership
identity_jwt_auths
identity_kubernetes_auths
identity_ldap_auths
identity_metadata
identity_oci_auths
identity_oidc_auths
identity_spiffe_auths
identity_tls_cert_auths
identity_token_auths
identity_universal_auths
project_template_identity_memberships
relays
resource_metadata
secret_sharing
=== tables with projectId and identityId ===
=== columns for candidate privilege tables ===
--- identity_project_membership_roles
--- identity_project_additional_privilege
--- identity_project_memberships
--- identity_project_membership
