=== system/docker ===
infisical-backend   infisical/infisical:latest   Up 14 hours   
NAME                IMAGE                        COMMAND                  SERVICE   CREATED        STATUS        PORTS
infisical-backend   infisical/infisical:latest   "docker-entrypoint.s…"   backend   14 hours ago   Up 14 hours   

=== local health endpoints ===
--- http://127.0.0.1:8080/api/status
HTTP/1.1 200 OK
Cross-Origin-Opener-Policy: same-origin
Cross-Origin-Resource-Policy: same-origin
Origin-Agent-Cluster: ?1
Referrer-Policy: no-referrer
Strict-Transport-Security: max-age=15552000; includeSubDomains
X-Content-Type-Options: nosniff
X-DNS-Prefetch-Control: off
X-Download-Options: noopen
X-Frame-Options: SAMEORIGIN
X-Permitted-Cross-Domain-Policies: none
X-XSS-Protection: 0
vary: Origin
access-control-allow-origin: https://infisical.twlv20.com
access-control-allow-credentials: true
content-type: application/json; charset=utf-8
etag: "0is2KQY1QBPWAWF4INS2ecz2QvI="
content-length: 221
Date: Tue, 12 May 2026 17:46:28 GMT
Connection: keep-alive
{"date":"2026-05-12T17:46:28.624Z","message":"Ok","emailConfigured":true,"inviteOnlySignup":true,"redisConfigured":true,"secretScanningConfigured":false,"auditLogStorageDisabled":false,"maxIdentityAccessTokenTTL":7776000}
--- http://127.0.0.1:8080/api/v1/status
HTTP/1.1 404 Not Found
Cross-Origin-Opener-Policy: same-origin
Cross-Origin-Resource-Policy: same-origin
Origin-Agent-Cluster: ?1
Referrer-Policy: no-referrer
Strict-Transport-Security: max-age=15552000; includeSubDomains
X-Content-Type-Options: nosniff
X-DNS-Prefetch-Control: off
X-Download-Options: noopen
X-Frame-Options: SAMEORIGIN
X-Permitted-Cross-Domain-Policies: none
X-XSS-Protection: 0
vary: Origin
access-control-allow-origin: https://infisical.twlv20.com
access-control-allow-credentials: true
content-type: application/json; charset=utf-8
etag: "PPgg8Y+6xlLjzy6eAWuDbsBtbvg="
content-length: 85
Date: Tue, 12 May 2026 17:46:28 GMT
Connection: keep-alive
{"message":"Route GET:/api/v1/status not found","error":"Not Found","statusCode":404}
--- http://127.0.0.1:8080
HTTP/1.1 200 OK
Cross-Origin-Opener-Policy: same-origin
Cross-Origin-Resource-Policy: same-origin
Origin-Agent-Cluster: ?1
Referrer-Policy: no-referrer
Strict-Transport-Security: max-age=15552000; includeSubDomains
X-Content-Type-Options: nosniff
X-DNS-Prefetch-Control: off
X-Download-Options: noopen
X-Frame-Options: SAMEORIGIN
X-Permitted-Cross-Domain-Policies: none
X-XSS-Protection: 0
vary: Origin
access-control-allow-origin: https://infisical.twlv20.com
access-control-allow-credentials: true
content-type: text/html
cache-control: no-cache, no-store, must-revalidate
pragma: no-cache
expires: 0
etag: "AgUlsoX+iQ1d+OWHyIIftsb+ajk="
<!doctype html>
<html lang="en">
  <head>
    <meta charset="UTF-8" />
    <link rel="icon" href="/infisical.ico" />
    <meta name="viewport" content="width=device-width, initial-scale=1.0" />
    <meta
      http-equiv="Content-Security-Policy"
      content="
    default-src 'self';
    script-src 'self' https://*.posthog.com https://js.stripe.com https://api.stripe.com https://widget.intercom.io https://js.intercomcdn.com https://hcaptcha.com https://*.hcaptcha.com https://www.googletagmanager.com https://www.google-analytics.com https://googleads.g.doubleclick.net https://www.googleadservices.com https://www.google.com https://tags.srv.stackadapt.com https://tag.unifyintent.com https://snap.licdn.com https://www.redditstatic.com https://js.hs-scripts.com https://js.hsforms.net https://js.hs-banner.com https://js.hs-analytics.net https://js.usemessages.com https://js.hscollectedforms.net 'unsafe-inline' 'unsafe-eval' https://cdn.jsdelivr.net/npm/@lottiefiles/dotlottie-web@0.38.2/di

=== caddy route ===
3-}
4-
5:infisical.twlv20.com {
6-	log {
7-		output file /var/log/caddy/access.log
8-		format json
9-	}
10-	reverse_proxy 127.0.0.1:8080
11-}
12-
13-claw.twlv20.com {
14-	log {
15-		output file /var/log/caddy/access.log
16-		format json
17-	}
18-	reverse_proxy 127.0.0.1:18788
19-}
20-
21-paperclip.twlv20.com {
22-	log {
23-		output file /var/log/caddy/access.log
24-		format json
25-	}

=== public DNS/TLS ===
162.243.252.92  STREAM infisical.twlv20.com
162.243.252.92  DGRAM  
162.243.252.92  RAW    
HTTP/2 200 
access-control-allow-credentials: true
access-control-allow-origin: https://infisical.twlv20.com
alt-svc: h3=":443"; ma=2592000
content-type: application/json; charset=utf-8
cross-origin-opener-policy: same-origin
cross-origin-resource-policy: same-origin
date: Tue, 12 May 2026 17:46:28 GMT
etag: "TFl7jgV3oQNklJCnbrbN2jTjjgg="
origin-agent-cluster: ?1
referrer-policy: no-referrer
strict-transport-security: max-age=15552000; includeSubDomains
vary: Origin
via: 1.1 Caddy
x-content-type-options: nosniff
x-dns-prefetch-control: off
x-download-options: noopen
x-frame-options: SAMEORIGIN
x-permitted-cross-domain-policies: none
x-xss-protection: 0
content-length: 221

{"date":"2026-05-12T17:46:28.714Z","message":"Ok","emailConfigured":true,"inviteOnlySignup":true,"redisConfigured":true,"secretScanningConfigured":false,"auditLogStorageDisabled":false,"maxIdentityAccessTokenTTL":7776000}

=== env keys/perms only ===
drwx------ 2 root root 4096 May 12 03:33 /etc/infisical
drwx------ 2 root root 4096 May 12 00:00 /opt/infisical
600 root:root /etc/infisical/.env
600 root:root /etc/infisical/.env.bak.20260512033355
600 root:root /opt/infisical/docker-compose.yml
AUTH_SECRET=<redacted>
DB_CONNECTION_URI=<redacted>
ENCRYPTION_KEY=<redacted>
HOST=<redacted>
HTTPS_ENABLED=<redacted>
PORT=<redacted>
REDIS_URL=<redacted>
SITE_URL=<redacted>
SMTP_FROM_ADDRESS=<redacted>
SMTP_FROM_NAME=<redacted>
SMTP_HELO_HOST=<redacted>
SMTP_HOST=<redacted>
SMTP_IGNORE_TLS=<redacted>
SMTP_PORT=<redacted>
SMTP_REQUIRE_TLS=<redacted>
TELEMETRY_ENABLED=<redacted>

=== compose redacted ===
services:
  backend:
    container_name: infisical-backend
    image: infisical/infisical:latest
    pull_policy: always
    restart: unless-stopped
    env_file: /etc/infisical/.env
    network_mode: host
    environment:
      NODE_ENV: production

=== postgres infisical db quick counts ===
infisical
744
access_approval_policies
access_approval_policies_approvers
access_approval_policies_bypassers
access_approval_policies_environments
access_approval_requests
access_approval_requests_reviewers
additional_privileges
ai_mcp_activity_logs
ai_mcp_endpoint_server_tools
ai_mcp_endpoint_servers
ai_mcp_endpoints
ai_mcp_server_tools
ai_mcp_server_user_credentials
ai_mcp_servers
api_keys
app_connection_credential_rotations
app_connections
approval_policies
approval_policy_step_approvers
approval_policy_steps
approval_request_approvals
approval_request_grants
approval_request_step_eligible_approvers
approval_request_steps
approval_requests
audit_log_streams
audit_logs
auth_token_sessions
auth_tokens
backup_private_key
ca_signing_configs
certificate_authorities
certificate_authority_certs
certificate_authority_crl
certificate_authority_secret
certificate_bodies
certificate_cleanup_configs
certificate_inventory_views
certificate_requests
certificate_requests_20260513_20260601
certificate_requests_20260601_20260701
certificate_requests_20260701_20260801
certificate_requests_20260801_20260901
certificate_requests_20260901_20261001
certificate_requests_20261001_20261101
certificate_requests_20261101_20261201
certificate_requests_20261201_20270101
certificate_requests_20270101_20270201
certificate_requests_20270201_20270301
certificate_requests_20270301_20270401
certificate_requests_20270401_20270501
certificate_requests_20270501_20270601
certificate_requests_20270601_20270701
certificate_requests_20270701_20270801
certificate_requests_20270801_20270901
certificate_requests_20270901_20271001
certificate_requests_20271001_20271101
certificate_requests_20271101_20271201
certificate_requests_20271201_20280101
certificate_requests_20280101_20280201
certificate_requests_20280201_20280301
certificate_requests_20280301_20280401
certificate_requests_20280401_20280501
certificate_requests_20280501_20280601
certificate_requests_20280601_20280701
certificate_requests_20280701_20280801
certificate_requests_20280801_20280901
certificate_requests_20280901_20281001
certificate_requests_20281001_20281101
certificate_requests_20281101_20281201
certificate_requests_20281201_20290101
certificate_requests_20290101_20290201
certificate_requests_20290201_20290301
certificate_requests_20290301_20290401
certificate_requests_20290401_20290501
certificate_requests_20290501_20290601
certificate_requests_20290601_20290701
certificate_requests_20290701_20290801
certificate_requests_20290801_20290901
certificate_requests_20290901_20291001

=== likely project/identity tables ===
external_group_org_role_mappings
gateway_pool_memberships
git_app_org
github_org_sync_configs
identity_access_token_revocations
identity_access_tokens
identity_alicloud_auths
identity_auth_templates
identity_aws_auths
identity_azure_auths
identity_gcp_auths
identity_group_membership
identity_jwt_auths
identity_kubernetes_auths
identity_ldap_auths
identity_metadata
identity_oci_auths
identity_oidc_auths
identity_spiffe_auths
identity_tls_cert_auths
identity_token_auths
identity_ua_client_secrets
identity_universal_auths
kmip_org_configs
kmip_org_server_certificates
membership_roles
memberships
org_bots
org_gateway_config
org_gateway_config_v2
org_relay_config
organization_assets
organizations
pam_project_recording_configs
project_bots
project_environments
project_gateways
project_keys
project_microsoft_teams_configs
project_slack_configs
project_split_backfill_ids
project_ssh_configs
project_template_group_memberships
project_template_identity_memberships
project_template_user_memberships
project_templates
projects
ssh_host_group_memberships
user_group_membership

=== docs/runbook ===
# Infisical runbook

Self-hosted Infisical foundation for Twlv20 AI OS.

## Current status

Infisical is installed locally on `twlv20-prod` and listening on `127.0.0.1:8080`.

The public `infisical.<domain>` URL is blocked until Caddy/domain/DNS are completed in the hardening task.

## Production locations

- Compose directory: `/opt/infisical`
- Compose file: `/opt/infisical/docker-compose.yml`
- Root-only environment file: `/etc/infisical/.env`
- Container: `infisical-backend`
- Database: Postgres database `infisical`
- Database role: `infisical_app`
- Redis: apt-managed `redis-server`, bound to localhost only

## Secret/key locations

`/etc/infisical/.env` is root-only and contains:

- `ENCRYPTION_KEY` — Infisical master encryption key; must be backed up offline before real secrets are stored.
- `AUTH_SECRET`
- `DB_CONNECTION_URI`
- `REDIS_URL`

Do not commit, paste, or copy these values into ClickUp/chat/docs. Move custody into the approved offline password manager process once Jessie confirms ownership.

## Health checks

```bash
sudo docker ps --filter name=infisical-backend
sudo docker logs --tail 100 infisical-backend
curl -fsS http://127.0.0.1:8080/api/status
ss -tlnp | egrep ':(8080|6379|5432)'
```

Expected `/api/status` fields while local-only:

- `message: Ok`
- `redisConfigured: true`
- `emailConfigured: false` until SMTP is configured

## Restart

```bash
cd /opt/infisical
sudo docker compose up -d
```

## Admin signup

Until Caddy/DNS are configured, use an SSH tunnel:

```bash
ssh -N -L 8080:127.0.0.1:8080 root@162.243.252.92
```

Then open:

```text
http://127.0.0.1:8080/admin/signup
```

After the first admin account exists, create projects:

- Global
- Pure Peptide Solutions
- Ajiri Sciences
- Sales Recruiting University
- Twlv20 Internal

Then create Machine Identities scoped per project/tenant. Do not use deprecated Service Tokens.

## Blocked items

- Public URL/TLS: needs Caddy + DNS for `infisical.<domain>`.
- SMTP/email: needs approved SMTP provider/credentials.
- Offline backup: Jessie must confirm where the `/etc/infisical/.env` encryption key is stored offline.
- Secret migration: do not store real client/API secrets until admin account, project structure, machine identities, and offline key backup are confirmed.

=== final audit infisical section ===
## Infisical

Verified local-only Infisical status:

```json
{"message":"Ok","emailConfigured":false,"inviteOnlySignup":true,"redisConfigured":true}
```

Verified `infisical-backend` container is running.

Known blockers:

- Public `infisical.<domain>` route needs DNS/domain confirmation.
- SMTP is not configured.
- First admin signup, projects, machine identities, and cross-tenant secret checks remain pending.
- Offline backup/custody of `/etc/infisical/.env` / `ENCRYPTION_KEY` must be confirmed before real secrets are migrated.

## Remaining work
