=== selected infisical counts ===
ERROR:  relation "project_identity_memberships" does not exist
LINE 1: ...ect 'project_identity_memberships', count(*) from project_id...
                                                             ^
=== organizations ===
ERROR:  column "created_at" does not exist
LINE 1: select id, name, slug, created_at from organizations order b...
                               ^
HINT:  Perhaps you meant to reference the column "organizations.createdAt".
=== projects ===
ERROR:  column "org_id" does not exist
LINE 1: select id, name, slug, type, org_id, created_at from project...
                                     ^
HINT:  Perhaps you meant to reference the column "projects.orgId".
=== identities ===
ERROR:  column "org_id" does not exist
LINE 1: select id, name, org_id, created_at from identities order by...
                         ^
HINT:  Perhaps you meant to reference the column "identities.orgId".
=== project identity memberships ===
ERROR:  relation "project_identity_memberships" does not exist
LINE 1: select * from project_identity_memberships limit 20;
                      ^
=== environments ===
ERROR:  column "project_id" does not exist
LINE 1: select project_id, name, slug from project_environments orde...
               ^
HINT:  Perhaps you meant to reference the column "project_environments.projectId".
